<?xml version="1.0" encoding="UTF-8"?>
<testng-results ignored="0" total="1" passed="1" failed="0" skipped="0">
  <reporter-output>
  </reporter-output>
  <suite started-at="2022-12-11T06:40:56Z" name="Suite" finished-at="2022-12-11T06:40:57Z" duration-ms="1562">
    <groups>
    </groups>
    <test started-at="2022-12-11T06:40:56Z" name="Test" finished-at="2022-12-11T06:40:57Z" duration-ms="1562">
      <class name="restAPI.EndToEndTest">
        <test-method signature="test1()[pri:0, instance:restAPI.EndToEndTest@6cdba6dc]" started-at="2022-12-11T06:40:56Z" name="test1" finished-at="2022-12-11T06:40:57Z" duration-ms="1553" status="PASS">
          <reporter-output>
          </reporter-output>
        </test-method> <!-- test1 -->
      </class> <!-- restAPI.EndToEndTest -->
    </test> <!-- Test -->
  </suite> <!-- Suite -->
</testng-results>
